{
  "RSpec": {
    "coverage": {
      "/home/mfcs/app/lib/field_builder/field.rb": {
        "lines": [
          null,
          null,
          1,
          null,
          null,
          null,
          null,
          1,
          null,
          null,
          null,
          null,
          null,
          1,
          16,
          16,
          null,
          16,
          1,
          null,
          null,
          null,
          null,
          null,
          null,
          null,
          null,
          null,
          null,
          null,
          null,
          null,
          null,
          null,
          1,
          11,
          2,
          9,
          4,
          5,
          3,
          null,
          2,
          null,
          null,
          null,
          1,
          4,
          2,
          2,
          2,
          2,
          null,
          null,
          null,
          null,
          null,
          1,
          null,
          null,
          null,
          1,
          null,
          null,
          null,
          null,
          null
        ]
      }
    },
    "timestamp": 1592424655
  }
}
